[00:11:15] [Async Chat Thread - #2/INFO]: [Not Secure] <Tom> ua5 m chat may cai cay gan nha m a trung
[00:11:24] [Async Chat Thread - #2/INFO]: [Not Secure] <Azazel_Dev> ua dr
[00:11:58] [Async Chat Thread - #2/INFO]: [Not Secure] <Tom> cho farm go tam thoi cua t (((=
[00:12:10] [Async Chat Thread - #2/INFO]: [Not Secure] <Azazel_Dev> :)))
[00:12:17] [Async Chat Thread - #2/INFO]: [Not Secure] <Azazel_Dev> thay no moc lam mat view
[00:12:20] [Async Chat Thread - #2/INFO]: [Not Secure] <Azazel_Dev> nen t goroi
[00:12:21] [Async Chat Thread - #2/INFO]: [Not Secure] <Azazel_Dev> D:
[00:12:39] [Async Chat Thread - #2/INFO]: [Not Secure] <Fireman6536> cc
[00:16:09] [Server thread/INFO]: Fireman6536 fell from a high place
[00:18:09] [Server thread/INFO]: Villager Villager['Villager'/30, uuid='4542595e-7351-4e7c-9085-f30795c47aed', l='ServerLevel[world]', x=-470.14, y=54.00, z=-752.70, cpos=[-30, -48], tl=641285, v=true] died, message: 'Villager was squished too much'
[00:21:02] [Server thread/INFO]: Fireman6536 lost connection: Disconnected
[00:21:02] [Server thread/INFO]: [voicechat] Disconnecting client Fireman6536
[00:21:02] [Server thread/INFO]: Fireman6536 left the game
[00:21:40] [Async Chat Thread - #4/INFO]: [Not Secure] <Tom> Ụa cái xe lửa trong cái đường nether dau r
[00:21:46] [Async Chat Thread - #4/INFO]: [Not Secure] <Azazel_Dev> à nó nằm bên kia
[00:21:47] [Async Chat Thread - #4/INFO]: [Not Secure] <Azazel_Dev> :D
[00:21:52] [Async Chat Thread - #4/INFO]: [Not Secure] <Azazel_Dev> nayx t về bằng đường kia
[00:22:25] [Async Chat Thread - #4/INFO]: [Not Secure] <Tom> qua tới đó xong bấm cho nó chạy về (((=
[00:29:38] [Server thread/WARN]: Azazel_Dev moved wrongly!
[00:29:39] [Server thread/WARN]: Azazel_Dev moved wrongly!
[00:29:40] [Server thread/WARN]: Azazel_Dev moved wrongly!
[00:29:41] [Server thread/WARN]: Azazel_Dev moved wrongly!
[00:29:42] [Server thread/WARN]: Azazel_Dev moved wrongly!
[00:29:43] [Server thread/WARN]: Azazel_Dev moved wrongly!
[00:29:44] [Server thread/WARN]: Azazel_Dev moved wrongly!
[00:29:45] [Server thread/WARN]: Azazel_Dev moved wrongly!
[00:29:46] [Server thread/WARN]: Azazel_Dev moved wrongly!
[00:29:47] [Server thread/WARN]: Azazel_Dev moved wrongly!
[00:29:48] [Server thread/WARN]: Azazel_Dev moved wrongly!
[00:29:49] [Server thread/WARN]: Azazel_Dev moved wrongly!
[00:29:50] [Server thread/WARN]: Azazel_Dev moved wrongly!
[00:29:51] [Server thread/WARN]: Azazel_Dev moved wrongly!
[00:29:52] [Server thread/WARN]: Azazel_Dev moved wrongly!
[00:29:53] [Server thread/WARN]: Azazel_Dev moved wrongly!
[00:29:54] [Server thread/WARN]: Azazel_Dev moved wrongly!
[00:29:55] [Server thread/WARN]: Azazel_Dev moved wrongly!
[00:29:56] [Server thread/WARN]: Azazel_Dev moved wrongly!
[00:29:57] [Server thread/WARN]: Azazel_Dev moved wrongly!
[00:29:58] [Server thread/WARN]: Azazel_Dev moved wrongly!
[00:29:59] [Server thread/WARN]: Azazel_Dev moved wrongly!
[00:30:00] [Server thread/WARN]: Azazel_Dev moved wrongly!
[00:30:01] [Server thread/WARN]: Azazel_Dev moved wrongly!
[00:30:02] [Server thread/WARN]: Azazel_Dev moved wrongly!
[00:30:03] [Server thread/WARN]: Azazel_Dev moved wrongly!
[00:30:04] [Server thread/WARN]: Azazel_Dev moved wrongly!
[00:30:05] [Server thread/WARN]: Azazel_Dev moved wrongly!
[00:30:06] [Server thread/WARN]: Azazel_Dev moved wrongly!
[00:30:07] [Server thread/WARN]: Azazel_Dev moved wrongly!
[00:30:08] [Server thread/WARN]: Azazel_Dev moved wrongly!
[00:30:09] [Server thread/WARN]: Azazel_Dev moved wrongly!
[00:30:10] [Server thread/WARN]: Azazel_Dev moved wrongly!
[00:30:11] [Server thread/WARN]: Azazel_Dev moved wrongly!
[00:30:12] [Server thread/WARN]: Azazel_Dev moved wrongly!
[00:30:13] [Server thread/WARN]: Azazel_Dev moved wrongly!
[00:30:14] [Server thread/WARN]: Azazel_Dev moved wrongly!
[00:30:15] [Server thread/WARN]: Azazel_Dev moved wrongly!
[00:30:16] [Server thread/WARN]: Azazel_Dev moved wrongly!
[00:30:17] [Server thread/WARN]: Azazel_Dev moved wrongly!
[00:30:18] [Server thread/WARN]: Azazel_Dev moved wrongly!
[00:30:19] [Server thread/WARN]: Azazel_Dev moved wrongly!
[00:30:20] [Server thread/WARN]: Azazel_Dev moved wrongly!
[00:30:21] [Server thread/WARN]: Azazel_Dev moved wrongly!
[00:30:22] [Server thread/WARN]: Azazel_Dev moved wrongly!
[00:30:23] [Server thread/WARN]: Azazel_Dev moved wrongly!
[00:30:24] [Server thread/WARN]: Azazel_Dev moved wrongly!
[00:30:25] [Server thread/WARN]: Azazel_Dev moved wrongly!
[00:30:26] [Server thread/WARN]: Azazel_Dev moved wrongly!
[00:30:27] [Server thread/WARN]: Azazel_Dev moved wrongly!
[00:30:28] [Server thread/WARN]: Azazel_Dev moved wrongly!
[00:30:29] [Server thread/WARN]: Azazel_Dev moved wrongly!
[00:30:30] [Server thread/WARN]: Azazel_Dev moved wrongly!
[00:30:31] [Server thread/WARN]: Azazel_Dev moved wrongly!
[00:30:32] [Server thread/WARN]: Azazel_Dev moved wrongly!
[00:30:33] [Server thread/WARN]: Azazel_Dev moved wrongly!
[00:30:34] [Server thread/WARN]: Azazel_Dev moved wrongly!
[00:30:35] [Server thread/WARN]: Azazel_Dev moved wrongly!
[00:30:36] [Server thread/WARN]: Azazel_Dev moved wrongly!
[00:30:37] [Server thread/WARN]: Azazel_Dev moved wrongly!
[00:30:38] [Server thread/WARN]: Azazel_Dev moved wrongly!
[00:32:57] [Server thread/WARN]: Azazel_Dev moved wrongly!
[00:32:58] [Server thread/WARN]: Azazel_Dev moved wrongly!
[00:32:59] [Server thread/WARN]: Azazel_Dev moved wrongly!
[00:33:00] [Server thread/WARN]: Azazel_Dev moved wrongly!
[00:33:01] [Server thread/WARN]: Azazel_Dev moved wrongly!
[00:33:02] [Server thread/WARN]: Azazel_Dev moved wrongly!
[00:33:03] [Server thread/WARN]: Azazel_Dev moved wrongly!
[00:33:04] [Server thread/WARN]: Azazel_Dev moved wrongly!
[00:33:05] [Server thread/WARN]: Azazel_Dev moved wrongly!
[00:33:06] [Server thread/WARN]: Azazel_Dev moved wrongly!
[00:33:07] [Server thread/WARN]: Azazel_Dev moved wrongly!
[00:33:08] [Server thread/WARN]: Azazel_Dev moved wrongly!
[00:33:09] [Server thread/WARN]: Azazel_Dev moved wrongly!
[00:33:10] [Server thread/WARN]: Azazel_Dev moved wrongly!
[00:33:11] [Server thread/WARN]: Azazel_Dev moved wrongly!
[00:33:12] [Server thread/WARN]: Azazel_Dev moved wrongly!
[00:33:13] [Server thread/WARN]: Azazel_Dev moved wrongly!
[00:33:14] [Server thread/WARN]: Azazel_Dev moved wrongly!
[00:33:15] [Server thread/WARN]: Azazel_Dev moved wrongly!
[00:33:16] [Server thread/WARN]: Azazel_Dev moved wrongly!
[00:33:17] [Server thread/WARN]: Azazel_Dev moved wrongly!
[00:33:18] [Server thread/WARN]: Azazel_Dev moved wrongly!
[00:33:19] [Server thread/WARN]: Azazel_Dev moved wrongly!
[00:33:20] [Server thread/WARN]: Azazel_Dev moved wrongly!
[00:33:21] [Server thread/WARN]: Azazel_Dev moved wrongly!
[00:33:22] [Server thread/WARN]: Azazel_Dev moved wrongly!
[00:33:23] [Server thread/WARN]: Azazel_Dev moved wrongly!
[00:33:24] [Server thread/WARN]: Azazel_Dev moved wrongly!
[00:33:25] [Server thread/WARN]: Azazel_Dev moved wrongly!
[00:33:26] [Server thread/WARN]: Azazel_Dev moved wrongly!
[00:33:27] [Server thread/WARN]: Azazel_Dev moved wrongly!
[00:33:28] [Server thread/WARN]: Azazel_Dev moved wrongly!
[00:33:29] [Server thread/WARN]: Azazel_Dev moved wrongly!
[00:33:30] [Server thread/WARN]: Azazel_Dev moved wrongly!
[00:33:31] [Server thread/WARN]: Azazel_Dev moved wrongly!
[00:33:32] [Server thread/WARN]: Azazel_Dev moved wrongly!
[00:33:33] [Server thread/WARN]: Azazel_Dev moved wrongly!
[00:33:34] [Server thread/WARN]: Azazel_Dev moved wrongly!
[00:33:35] [Server thread/WARN]: Azazel_Dev moved wrongly!
[00:33:36] [Server thread/WARN]: Azazel_Dev moved wrongly!
[00:33:37] [Server thread/WARN]: Azazel_Dev moved wrongly!
[00:33:38] [Server thread/WARN]: Azazel_Dev moved wrongly!
[00:33:39] [Server thread/WARN]: Azazel_Dev moved wrongly!
[00:33:40] [Server thread/WARN]: Azazel_Dev moved wrongly!
[00:33:41] [Server thread/WARN]: Azazel_Dev moved wrongly!
[00:33:42] [Server thread/WARN]: Azazel_Dev moved wrongly!
[00:33:43] [Server thread/WARN]: Azazel_Dev moved wrongly!
[00:33:44] [Server thread/WARN]: Azazel_Dev moved wrongly!
[00:33:45] [Server thread/WARN]: Azazel_Dev moved wrongly!
[00:33:46] [Server thread/WARN]: Azazel_Dev moved wrongly!
[00:33:47] [Server thread/WARN]: Azazel_Dev moved wrongly!
[00:33:48] [Server thread/WARN]: Azazel_Dev moved wrongly!
[00:33:49] [Server thread/WARN]: Azazel_Dev moved wrongly!
[00:33:50] [Server thread/WARN]: Azazel_Dev moved wrongly!
[00:33:51] [Server thread/WARN]: Azazel_Dev moved wrongly!
[00:33:52] [Server thread/WARN]: Azazel_Dev moved wrongly!
[00:33:53] [Server thread/WARN]: Azazel_Dev moved wrongly!
[00:33:54] [Server thread/WARN]: Azazel_Dev moved wrongly!
[00:33:55] [Server thread/WARN]: Azazel_Dev moved wrongly!
[00:33:56] [Server thread/WARN]: Azazel_Dev moved wrongly!
[00:33:57] [Server thread/WARN]: Azazel_Dev moved wrongly!
[00:33:58] [Server thread/WARN]: Azazel_Dev moved wrongly!
[00:33:59] [Server thread/WARN]: Azazel_Dev moved wrongly!
[00:34:00] [Server thread/WARN]: Azazel_Dev moved wrongly!
[00:34:01] [Server thread/WARN]: Azazel_Dev moved wrongly!
[00:34:02] [Server thread/WARN]: Azazel_Dev moved wrongly!
[00:34:03] [Server thread/WARN]: Azazel_Dev moved wrongly!
[00:34:04] [Server thread/WARN]: Azazel_Dev moved wrongly!
[00:34:05] [Server thread/WARN]: Azazel_Dev moved wrongly!
[00:34:06] [Server thread/WARN]: Azazel_Dev moved wrongly!
[00:34:07] [Server thread/WARN]: Azazel_Dev moved wrongly!
[00:34:08] [Server thread/WARN]: Azazel_Dev moved wrongly!
[00:34:09] [Server thread/WARN]: Azazel_Dev moved wrongly!
[00:34:10] [Server thread/WARN]: Azazel_Dev moved wrongly!
[00:34:11] [Server thread/WARN]: Azazel_Dev moved wrongly!
[00:34:12] [Server thread/WARN]: Azazel_Dev moved wrongly!
[00:34:13] [Server thread/WARN]: Azazel_Dev moved wrongly!
[00:34:14] [Server thread/WARN]: Azazel_Dev moved wrongly!
[00:34:15] [Server thread/WARN]: Azazel_Dev moved wrongly!
[00:34:16] [Server thread/WARN]: Azazel_Dev moved wrongly!
[00:34:17] [Server thread/WARN]: Azazel_Dev moved wrongly!
[00:34:18] [Server thread/WARN]: Azazel_Dev moved wrongly!
[00:34:19] [Server thread/WARN]: Azazel_Dev moved wrongly!
[00:34:20] [Server thread/WARN]: Azazel_Dev moved wrongly!
[00:34:21] [Server thread/WARN]: Azazel_Dev moved wrongly!
[00:34:22] [Server thread/WARN]: Azazel_Dev moved wrongly!
[00:34:23] [Server thread/WARN]: Azazel_Dev moved wrongly!
[00:34:24] [Server thread/WARN]: Azazel_Dev moved wrongly!
[00:34:25] [Server thread/WARN]: Azazel_Dev moved wrongly!
[00:34:26] [Server thread/WARN]: Azazel_Dev moved wrongly!
[00:34:27] [Server thread/WARN]: Azazel_Dev moved wrongly!
[00:34:28] [Server thread/WARN]: Azazel_Dev moved wrongly!
[00:34:29] [Server thread/WARN]: Azazel_Dev moved wrongly!
[00:34:30] [Server thread/WARN]: Azazel_Dev moved wrongly!
[00:34:31] [Server thread/WARN]: Azazel_Dev moved wrongly!
[00:34:32] [Server thread/WARN]: Azazel_Dev moved wrongly!
[00:34:33] [Server thread/WARN]: Azazel_Dev moved wrongly!
[00:34:34] [Server thread/WARN]: Azazel_Dev moved wrongly!
[00:34:35] [Server thread/WARN]: Azazel_Dev moved wrongly!
[00:34:36] [Server thread/WARN]: Azazel_Dev moved wrongly!
[00:34:37] [Server thread/WARN]: Azazel_Dev moved wrongly!
[00:34:38] [Server thread/WARN]: Azazel_Dev moved wrongly!
[00:34:39] [Server thread/WARN]: Azazel_Dev moved wrongly!
[00:34:40] [Server thread/WARN]: Azazel_Dev moved wrongly!
[00:34:41] [Server thread/WARN]: Azazel_Dev moved wrongly!
[00:34:42] [Server thread/WARN]: Azazel_Dev moved wrongly!
[00:34:43] [Server thread/WARN]: Azazel_Dev moved wrongly!
[00:34:44] [Server thread/WARN]: Azazel_Dev moved wrongly!
[00:34:45] [Server thread/WARN]: Azazel_Dev moved wrongly!
[00:34:46] [Server thread/WARN]: Azazel_Dev moved wrongly!
[00:34:47] [Server thread/WARN]: Azazel_Dev moved wrongly!
[00:34:48] [Server thread/WARN]: Azazel_Dev moved wrongly!
[00:34:49] [Server thread/WARN]: Azazel_Dev moved wrongly!
[00:34:50] [Server thread/WARN]: Azazel_Dev moved wrongly!
[00:34:51] [Server thread/WARN]: Azazel_Dev moved wrongly!
[00:34:52] [Server thread/WARN]: Azazel_Dev moved wrongly!
[00:34:53] [Server thread/WARN]: Azazel_Dev moved wrongly!
[00:34:54] [Server thread/WARN]: Azazel_Dev moved wrongly!
[00:34:55] [Server thread/WARN]: Azazel_Dev moved wrongly!
[00:34:56] [Server thread/WARN]: Azazel_Dev moved wrongly!
[00:34:57] [Server thread/WARN]: Azazel_Dev moved wrongly!
[00:34:58] [Server thread/WARN]: Azazel_Dev moved wrongly!
[00:34:59] [Server thread/WARN]: Azazel_Dev moved wrongly!
[00:35:00] [Server thread/WARN]: Azazel_Dev moved wrongly!
[00:35:01] [Server thread/WARN]: Azazel_Dev moved wrongly!
[00:35:02] [Server thread/WARN]: Azazel_Dev moved wrongly!
[00:35:03] [Server thread/WARN]: Azazel_Dev moved wrongly!
[00:35:04] [Server thread/WARN]: Azazel_Dev moved wrongly!
[00:35:05] [Server thread/WARN]: Azazel_Dev moved wrongly!
[00:35:06] [Server thread/WARN]: Azazel_Dev moved wrongly!
[00:35:07] [Server thread/WARN]: Azazel_Dev moved wrongly!
[00:35:08] [Server thread/WARN]: Azazel_Dev moved wrongly!
[00:35:09] [Server thread/WARN]: Azazel_Dev moved wrongly!
[00:35:10] [Server thread/WARN]: Azazel_Dev moved wrongly!
[00:35:11] [Server thread/WARN]: Azazel_Dev moved wrongly!
[00:35:12] [Server thread/WARN]: Azazel_Dev moved wrongly!
[00:35:13] [Server thread/WARN]: Azazel_Dev moved wrongly!
[00:35:14] [Server thread/WARN]: Azazel_Dev moved wrongly!
[00:35:15] [Server thread/WARN]: Azazel_Dev moved wrongly!
[00:35:16] [Server thread/WARN]: Azazel_Dev moved wrongly!
[00:35:17] [Server thread/WARN]: Azazel_Dev moved wrongly!
[00:35:18] [Server thread/WARN]: Azazel_Dev moved wrongly!
[00:35:19] [Server thread/WARN]: Azazel_Dev moved wrongly!
[00:35:20] [Server thread/WARN]: Azazel_Dev moved wrongly!
[00:35:21] [Server thread/WARN]: Azazel_Dev moved wrongly!
[00:35:22] [Server thread/WARN]: Azazel_Dev moved wrongly!
[00:35:23] [Server thread/WARN]: Azazel_Dev moved wrongly!
[00:35:24] [Server thread/WARN]: Azazel_Dev moved wrongly!
[00:35:25] [Server thread/WARN]: Azazel_Dev moved wrongly!
[00:35:26] [Server thread/WARN]: Azazel_Dev moved wrongly!
[00:35:27] [Server thread/WARN]: Azazel_Dev moved wrongly!
[00:35:28] [Server thread/WARN]: Azazel_Dev moved wrongly!
[00:35:29] [Server thread/WARN]: Azazel_Dev moved wrongly!
[00:35:30] [Server thread/WARN]: Azazel_Dev moved wrongly!
[00:35:31] [Server thread/WARN]: Azazel_Dev moved wrongly!
[00:35:32] [Server thread/WARN]: Azazel_Dev moved wrongly!
[00:35:33] [Server thread/WARN]: Azazel_Dev moved wrongly!
[00:35:34] [Server thread/WARN]: Azazel_Dev moved wrongly!
[00:35:35] [Server thread/WARN]: Azazel_Dev moved wrongly!
[00:35:36] [Server thread/WARN]: Azazel_Dev moved wrongly!
[00:35:37] [Server thread/WARN]: Azazel_Dev moved wrongly!
[00:35:38] [Server thread/WARN]: Azazel_Dev moved wrongly!
[00:35:39] [Server thread/WARN]: Azazel_Dev moved wrongly!
[00:35:40] [Server thread/WARN]: Azazel_Dev moved wrongly!
[00:35:41] [Server thread/WARN]: Azazel_Dev moved wrongly!
[00:35:42] [Server thread/WARN]: Azazel_Dev moved wrongly!
[00:35:43] [Server thread/WARN]: Azazel_Dev moved wrongly!
[00:35:44] [Server thread/WARN]: Azazel_Dev moved wrongly!
[00:35:45] [Server thread/WARN]: Azazel_Dev moved wrongly!
[00:35:46] [Server thread/WARN]: Azazel_Dev moved wrongly!
[00:35:47] [Server thread/WARN]: Azazel_Dev moved wrongly!
[00:35:48] [Server thread/WARN]: Azazel_Dev moved wrongly!
[00:35:49] [Server thread/WARN]: Azazel_Dev moved wrongly!
[00:35:50] [Server thread/WARN]: Azazel_Dev moved wrongly!
[00:35:51] [Server thread/WARN]: Azazel_Dev moved wrongly!
[00:35:52] [Server thread/WARN]: Azazel_Dev moved wrongly!
[00:35:53] [Server thread/WARN]: Azazel_Dev moved wrongly!
[00:35:54] [Server thread/WARN]: Azazel_Dev moved wrongly!
[00:35:55] [Server thread/WARN]: Azazel_Dev moved wrongly!
[00:35:56] [Server thread/WARN]: Azazel_Dev moved wrongly!
[00:35:57] [Server thread/WARN]: Azazel_Dev moved wrongly!
[00:35:58] [Server thread/WARN]: Azazel_Dev moved wrongly!
[00:35:59] [Server thread/WARN]: Azazel_Dev moved wrongly!
[00:36:00] [Server thread/WARN]: Azazel_Dev moved wrongly!
[00:36:01] [Server thread/WARN]: Azazel_Dev moved wrongly!
[00:36:02] [Server thread/WARN]: Azazel_Dev moved wrongly!
[00:36:03] [Server thread/WARN]: Azazel_Dev moved wrongly!
[00:36:04] [Server thread/WARN]: Azazel_Dev moved wrongly!
[00:36:05] [Server thread/WARN]: Azazel_Dev moved wrongly!
[00:36:06] [Server thread/WARN]: Azazel_Dev moved wrongly!
[00:36:07] [Server thread/WARN]: Azazel_Dev moved wrongly!
[00:36:08] [Server thread/WARN]: Azazel_Dev moved wrongly!
[00:36:09] [Server thread/WARN]: Azazel_Dev moved wrongly!
[00:36:10] [Server thread/WARN]: Azazel_Dev moved wrongly!
[00:36:11] [Server thread/WARN]: Azazel_Dev moved wrongly!
[00:36:12] [Server thread/WARN]: Azazel_Dev moved wrongly!
[00:36:13] [Server thread/WARN]: Azazel_Dev moved wrongly!
[00:36:14] [Server thread/WARN]: Azazel_Dev moved wrongly!
[00:36:15] [Server thread/WARN]: Azazel_Dev moved wrongly!
[00:36:16] [Server thread/WARN]: Azazel_Dev moved wrongly!
[00:36:17] [Server thread/WARN]: Azazel_Dev moved wrongly!
[00:36:18] [Server thread/WARN]: Azazel_Dev moved wrongly!
[00:36:19] [Server thread/WARN]: Azazel_Dev moved wrongly!
[00:36:20] [Server thread/WARN]: Azazel_Dev moved wrongly!
[00:36:21] [Server thread/WARN]: Azazel_Dev moved wrongly!
[00:36:22] [Server thread/WARN]: Azazel_Dev moved wrongly!
[00:36:23] [Server thread/WARN]: Azazel_Dev moved wrongly!
[00:36:24] [Server thread/WARN]: Azazel_Dev moved wrongly!
[00:36:25] [Server thread/WARN]: Azazel_Dev moved wrongly!
[00:36:26] [Server thread/WARN]: Azazel_Dev moved wrongly!
[00:36:27] [Server thread/WARN]: Azazel_Dev moved wrongly!
[00:36:28] [Server thread/WARN]: Azazel_Dev moved wrongly!
[00:36:29] [Server thread/WARN]: Azazel_Dev moved wrongly!
[00:36:30] [Server thread/WARN]: Azazel_Dev moved wrongly!
[00:36:31] [Server thread/WARN]: Azazel_Dev moved wrongly!
[00:36:32] [Server thread/WARN]: Azazel_Dev moved wrongly!
[00:36:33] [Server thread/WARN]: Azazel_Dev moved wrongly!
[00:36:34] [Server thread/WARN]: Azazel_Dev moved wrongly!
[00:36:35] [Server thread/WARN]: Azazel_Dev moved wrongly!
[00:36:36] [Server thread/WARN]: Azazel_Dev moved wrongly!
[00:36:37] [Server thread/WARN]: Azazel_Dev moved wrongly!
[00:36:38] [Server thread/WARN]: Azazel_Dev moved wrongly!
[00:36:39] [Server thread/WARN]: Azazel_Dev moved wrongly!
[00:36:40] [Server thread/WARN]: Azazel_Dev moved wrongly!
[00:36:41] [Server thread/WARN]: Azazel_Dev moved wrongly!
[00:36:42] [Server thread/WARN]: Azazel_Dev moved wrongly!
[00:36:43] [Server thread/WARN]: Azazel_Dev moved wrongly!
[00:36:44] [Server thread/WARN]: Azazel_Dev moved wrongly!
[00:36:45] [Server thread/WARN]: Azazel_Dev moved wrongly!
[00:36:46] [Server thread/WARN]: Azazel_Dev moved wrongly!
[00:36:47] [Server thread/WARN]: Azazel_Dev moved wrongly!
[00:36:48] [Server thread/WARN]: Azazel_Dev moved wrongly!
[00:36:49] [Server thread/WARN]: Azazel_Dev moved wrongly!
[00:36:50] [Server thread/WARN]: Azazel_Dev moved wrongly!
[00:36:51] [Server thread/WARN]: Azazel_Dev moved wrongly!
[00:36:52] [Server thread/WARN]: Azazel_Dev moved wrongly!
[00:36:53] [Server thread/WARN]: Azazel_Dev moved wrongly!
[00:36:54] [Server thread/WARN]: Azazel_Dev moved wrongly!
[00:36:55] [Server thread/WARN]: Azazel_Dev moved wrongly!
[00:36:56] [Server thread/WARN]: Azazel_Dev moved wrongly!
[00:36:57] [Server thread/WARN]: Azazel_Dev moved wrongly!
[00:36:58] [Server thread/WARN]: Azazel_Dev moved wrongly!
[00:36:59] [Server thread/WARN]: Azazel_Dev moved wrongly!
[00:37:00] [Server thread/WARN]: Azazel_Dev moved wrongly!
[00:37:01] [Server thread/WARN]: Azazel_Dev moved wrongly!
[00:37:02] [Server thread/WARN]: Azazel_Dev moved wrongly!
[00:37:03] [Server thread/WARN]: Azazel_Dev moved wrongly!
[00:37:04] [Server thread/WARN]: Azazel_Dev moved wrongly!
[00:37:05] [Server thread/WARN]: Azazel_Dev moved wrongly!
[00:37:06] [Server thread/WARN]: Azazel_Dev moved wrongly!
[00:37:07] [Server thread/WARN]: Azazel_Dev moved wrongly!
[00:37:08] [Server thread/WARN]: Azazel_Dev moved wrongly!
[00:37:09] [Server thread/WARN]: Azazel_Dev moved wrongly!
[00:37:10] [Server thread/WARN]: Azazel_Dev moved wrongly!
[00:37:11] [Server thread/WARN]: Azazel_Dev moved wrongly!
[00:37:12] [Server thread/WARN]: Azazel_Dev moved wrongly!
[00:37:13] [Server thread/WARN]: Azazel_Dev moved wrongly!
[00:37:14] [Server thread/WARN]: Azazel_Dev moved wrongly!
[00:37:15] [Server thread/WARN]: Azazel_Dev moved wrongly!
[00:37:16] [Server thread/WARN]: Azazel_Dev moved wrongly!
[00:37:17] [Server thread/WARN]: Azazel_Dev moved wrongly!
[00:37:18] [Server thread/WARN]: Azazel_Dev moved wrongly!
[00:37:19] [Server thread/WARN]: Azazel_Dev moved wrongly!
[00:37:20] [Server thread/WARN]: Azazel_Dev moved wrongly!
[00:37:21] [Server thread/WARN]: Azazel_Dev moved wrongly!
[00:37:22] [Server thread/WARN]: Azazel_Dev moved wrongly!
[00:37:23] [Server thread/WARN]: Azazel_Dev moved wrongly!
[00:37:24] [Server thread/WARN]: Azazel_Dev moved wrongly!
[00:37:25] [Server thread/WARN]: Azazel_Dev moved wrongly!
[00:37:26] [Server thread/WARN]: Azazel_Dev moved wrongly!
[00:37:27] [Server thread/WARN]: Azazel_Dev moved wrongly!
[00:37:28] [Server thread/WARN]: Azazel_Dev moved wrongly!
[00:37:29] [Server thread/WARN]: Azazel_Dev moved wrongly!
[00:37:30] [Server thread/WARN]: Azazel_Dev moved wrongly!
[00:37:31] [Server thread/WARN]: Azazel_Dev moved wrongly!
[00:37:32] [Server thread/WARN]: Azazel_Dev moved wrongly!
[00:37:33] [Server thread/WARN]: Azazel_Dev moved wrongly!
[00:37:34] [Server thread/WARN]: Azazel_Dev moved wrongly!
[00:37:35] [Server thread/WARN]: Azazel_Dev moved wrongly!
[00:37:36] [Server thread/WARN]: Azazel_Dev moved wrongly!
[00:37:37] [Server thread/WARN]: Azazel_Dev moved wrongly!
[00:37:38] [Server thread/WARN]: Azazel_Dev moved wrongly!
[00:37:39] [Server thread/WARN]: Azazel_Dev moved wrongly!
[00:37:40] [Server thread/WARN]: Azazel_Dev moved wrongly!
[00:37:41] [Server thread/WARN]: Azazel_Dev moved wrongly!
[00:37:42] [Server thread/WARN]: Azazel_Dev moved wrongly!
[00:37:43] [Server thread/WARN]: Azazel_Dev moved wrongly!
[00:37:44] [Server thread/WARN]: Azazel_Dev moved wrongly!
[00:37:45] [Server thread/WARN]: Azazel_Dev moved wrongly!
[00:37:46] [Server thread/WARN]: Azazel_Dev moved wrongly!
[00:37:47] [Server thread/WARN]: Azazel_Dev moved wrongly!
[00:37:48] [Server thread/WARN]: Azazel_Dev moved wrongly!
[00:37:49] [Server thread/WARN]: Azazel_Dev moved wrongly!
[00:37:50] [Server thread/WARN]: Azazel_Dev moved wrongly!
[00:37:51] [Server thread/WARN]: Azazel_Dev moved wrongly!
[00:37:52] [Server thread/WARN]: Azazel_Dev moved wrongly!
[00:37:53] [Server thread/WARN]: Azazel_Dev moved wrongly!
[00:37:54] [Server thread/WARN]: Azazel_Dev moved wrongly!
[00:37:55] [Server thread/WARN]: Azazel_Dev moved wrongly!
[00:37:56] [Server thread/WARN]: Azazel_Dev moved wrongly!
[00:37:57] [Server thread/WARN]: Azazel_Dev moved wrongly!
[00:37:58] [Server thread/WARN]: Azazel_Dev moved wrongly!
[00:37:59] [Server thread/WARN]: Azazel_Dev moved wrongly!
[00:38:00] [Server thread/WARN]: Azazel_Dev moved wrongly!
[00:38:01] [Server thread/WARN]: Azazel_Dev moved wrongly!
[00:38:02] [Server thread/WARN]: Azazel_Dev moved wrongly!
[00:38:03] [Server thread/WARN]: Azazel_Dev moved wrongly!
[00:38:04] [Server thread/WARN]: Azazel_Dev moved wrongly!
[00:38:05] [Server thread/WARN]: Azazel_Dev moved wrongly!
[00:38:06] [Server thread/WARN]: Azazel_Dev moved wrongly!
[00:38:07] [Server thread/WARN]: Azazel_Dev moved wrongly!
[00:38:08] [Server thread/WARN]: Azazel_Dev moved wrongly!
[00:38:09] [Server thread/WARN]: Azazel_Dev moved wrongly!
[00:38:10] [Server thread/WARN]: Azazel_Dev moved wrongly!
[00:38:11] [Server thread/WARN]: Azazel_Dev moved wrongly!
[00:38:12] [Server thread/WARN]: Azazel_Dev moved wrongly!
[00:38:13] [Server thread/WARN]: Azazel_Dev moved wrongly!
[00:38:14] [Server thread/WARN]: Azazel_Dev moved wrongly!
[00:38:15] [Server thread/WARN]: Azazel_Dev moved wrongly!
[00:38:15] [Server thread/INFO]: Villager Villager['Villager'/42561, uuid='ce398328-deac-4601-9234-2ba7ccdbc9be', l='ServerLevel[world]', x=-470.19, y=54.00, z=-752.70, cpos=[-30, -48], tl=77071, v=true] died, message: 'Villager was squished too much'
[00:38:16] [Server thread/WARN]: Azazel_Dev moved wrongly!
[00:38:17] [Server thread/WARN]: Azazel_Dev moved wrongly!
[00:38:18] [Server thread/WARN]: Azazel_Dev moved wrongly!
[00:38:19] [Server thread/WARN]: Azazel_Dev moved wrongly!
[00:38:20] [Server thread/WARN]: Azazel_Dev moved wrongly!
[00:38:21] [Server thread/WARN]: Azazel_Dev moved wrongly!
[00:38:22] [Server thread/WARN]: Azazel_Dev moved wrongly!
[00:38:23] [Server thread/WARN]: Azazel_Dev moved wrongly!
[00:38:24] [Server thread/WARN]: Azazel_Dev moved wrongly!
[00:38:25] [Server thread/WARN]: Azazel_Dev moved wrongly!
[00:38:26] [Server thread/WARN]: Azazel_Dev moved wrongly!
[00:38:27] [Server thread/WARN]: Azazel_Dev moved wrongly!
[00:38:28] [Server thread/WARN]: Azazel_Dev moved wrongly!
[00:38:29] [Server thread/WARN]: Azazel_Dev moved wrongly!
[00:38:30] [Server thread/WARN]: Azazel_Dev moved wrongly!
[00:38:31] [Server thread/WARN]: Azazel_Dev moved wrongly!
[00:38:32] [Server thread/WARN]: Azazel_Dev moved wrongly!
[00:38:33] [Server thread/WARN]: Azazel_Dev moved wrongly!
[00:38:34] [Server thread/WARN]: Azazel_Dev moved wrongly!
[00:38:35] [Server thread/WARN]: Azazel_Dev moved wrongly!
[00:38:36] [Server thread/WARN]: Azazel_Dev moved wrongly!
[00:38:37] [Server thread/WARN]: Azazel_Dev moved wrongly!
[00:38:38] [Server thread/WARN]: Azazel_Dev moved wrongly!
[00:38:39] [Server thread/WARN]: Azazel_Dev moved wrongly!
[00:38:40] [Server thread/WARN]: Azazel_Dev moved wrongly!
[00:38:41] [Server thread/WARN]: Azazel_Dev moved wrongly!
[00:38:42] [Server thread/WARN]: Azazel_Dev moved wrongly!
[00:38:43] [Server thread/WARN]: Azazel_Dev moved wrongly!
[00:38:44] [Server thread/WARN]: Azazel_Dev moved wrongly!
[00:38:45] [Server thread/WARN]: Azazel_Dev moved wrongly!
[00:38:46] [Server thread/WARN]: Azazel_Dev moved wrongly!
[00:38:47] [Server thread/WARN]: Azazel_Dev moved wrongly!
[00:38:48] [Server thread/WARN]: Azazel_Dev moved wrongly!
[00:38:49] [Server thread/WARN]: Azazel_Dev moved wrongly!
[00:38:50] [Server thread/WARN]: Azazel_Dev moved wrongly!
[00:38:51] [Server thread/WARN]: Azazel_Dev moved wrongly!
[00:38:52] [Server thread/WARN]: Azazel_Dev moved wrongly!
[00:38:53] [Server thread/WARN]: Azazel_Dev moved wrongly!
[00:38:54] [Server thread/WARN]: Azazel_Dev moved wrongly!
[00:38:55] [Server thread/WARN]: Azazel_Dev moved wrongly!
[00:38:56] [Server thread/WARN]: Azazel_Dev moved wrongly!
[00:38:57] [Server thread/WARN]: Azazel_Dev moved wrongly!
[00:38:58] [Server thread/WARN]: Azazel_Dev moved wrongly!
[00:38:59] [Server thread/WARN]: Azazel_Dev moved wrongly!
[00:39:00] [Server thread/WARN]: Azazel_Dev moved wrongly!
[00:39:01] [Server thread/WARN]: Azazel_Dev moved wrongly!
[00:39:02] [Server thread/WARN]: Azazel_Dev moved wrongly!
[00:39:03] [Server thread/WARN]: Azazel_Dev moved wrongly!
[00:39:04] [Server thread/WARN]: Azazel_Dev moved wrongly!
[00:39:05] [Server thread/WARN]: Azazel_Dev moved wrongly!
[00:39:06] [Server thread/WARN]: Azazel_Dev moved wrongly!
[00:39:07] [Server thread/WARN]: Azazel_Dev moved wrongly!
[00:39:08] [Server thread/WARN]: Azazel_Dev moved wrongly!
[00:39:09] [Server thread/WARN]: Azazel_Dev moved wrongly!
[00:39:10] [Server thread/WARN]: Azazel_Dev moved wrongly!
[00:39:11] [Server thread/WARN]: Azazel_Dev moved wrongly!
[00:39:12] [Server thread/WARN]: Azazel_Dev moved wrongly!
[00:39:13] [Server thread/WARN]: Azazel_Dev moved wrongly!
[00:39:14] [Server thread/WARN]: Azazel_Dev moved wrongly!
[00:39:15] [Server thread/WARN]: Azazel_Dev moved wrongly!
[00:39:16] [Server thread/WARN]: Azazel_Dev moved wrongly!
[00:39:17] [Server thread/WARN]: Azazel_Dev moved wrongly!
[00:39:18] [Server thread/WARN]: Azazel_Dev moved wrongly!
[00:39:19] [Server thread/WARN]: Azazel_Dev moved wrongly!
[00:39:20] [Server thread/WARN]: Azazel_Dev moved wrongly!
[00:39:21] [Server thread/WARN]: Azazel_Dev moved wrongly!
[00:39:22] [Server thread/WARN]: Azazel_Dev moved wrongly!
[00:39:23] [Server thread/WARN]: Azazel_Dev moved wrongly!
[00:39:24] [Server thread/WARN]: Azazel_Dev moved wrongly!
[00:39:25] [Server thread/WARN]: Azazel_Dev moved wrongly!
[00:39:26] [Server thread/WARN]: Azazel_Dev moved wrongly!
[00:39:27] [Server thread/WARN]: Azazel_Dev moved wrongly!
[00:39:28] [Server thread/WARN]: Azazel_Dev moved wrongly!
[00:39:29] [Server thread/WARN]: Azazel_Dev moved wrongly!
[00:39:30] [Server thread/WARN]: Azazel_Dev moved wrongly!
[00:39:31] [Server thread/WARN]: Azazel_Dev moved wrongly!
[00:39:32] [Server thread/WARN]: Azazel_Dev moved wrongly!
[00:39:33] [Server thread/WARN]: Azazel_Dev moved wrongly!
[00:39:34] [Server thread/WARN]: Azazel_Dev moved wrongly!
[00:39:35] [Server thread/WARN]: Azazel_Dev moved wrongly!
[00:39:36] [Server thread/WARN]: Azazel_Dev moved wrongly!
[00:39:37] [Server thread/WARN]: Azazel_Dev moved wrongly!
[00:39:38] [Server thread/WARN]: Azazel_Dev moved wrongly!
[00:39:39] [Server thread/WARN]: Azazel_Dev moved wrongly!
[00:39:40] [Server thread/WARN]: Azazel_Dev moved wrongly!
[00:39:41] [Server thread/WARN]: Azazel_Dev moved wrongly!
[00:39:42] [Server thread/WARN]: Azazel_Dev moved wrongly!
[00:39:43] [Server thread/WARN]: Azazel_Dev moved wrongly!
[00:39:44] [Server thread/WARN]: Azazel_Dev moved wrongly!
[00:39:45] [Server thread/WARN]: Azazel_Dev moved wrongly!
[00:39:46] [Server thread/WARN]: Azazel_Dev moved wrongly!
[00:39:47] [Server thread/WARN]: Azazel_Dev moved wrongly!
[00:39:48] [Server thread/WARN]: Azazel_Dev moved wrongly!
[00:39:49] [Server thread/WARN]: Azazel_Dev moved wrongly!
[00:39:50] [Server thread/WARN]: Azazel_Dev moved wrongly!
[00:39:51] [Server thread/WARN]: Azazel_Dev moved wrongly!
[00:39:52] [Server thread/WARN]: Azazel_Dev moved wrongly!
[00:39:53] [Server thread/WARN]: Azazel_Dev moved wrongly!
[00:39:54] [Server thread/WARN]: Azazel_Dev moved wrongly!
[00:39:55] [Server thread/WARN]: Azazel_Dev moved wrongly!
[00:39:56] [Server thread/WARN]: Azazel_Dev moved wrongly!
[00:39:57] [Server thread/WARN]: Azazel_Dev moved wrongly!
[00:39:58] [Server thread/WARN]: Azazel_Dev moved wrongly!
[00:39:59] [Server thread/WARN]: Azazel_Dev moved wrongly!
[00:40:00] [Server thread/WARN]: Azazel_Dev moved wrongly!
[00:40:01] [Server thread/WARN]: Azazel_Dev moved wrongly!
[00:40:02] [Server thread/WARN]: Azazel_Dev moved wrongly!
[00:40:03] [Server thread/WARN]: Azazel_Dev moved wrongly!
[00:40:04] [Server thread/WARN]: Azazel_Dev moved wrongly!
[00:40:05] [Server thread/WARN]: Azazel_Dev moved wrongly!
[00:40:06] [Server thread/WARN]: Azazel_Dev moved wrongly!
[00:40:07] [Server thread/WARN]: Azazel_Dev moved wrongly!
[00:40:08] [Server thread/WARN]: Azazel_Dev moved wrongly!
[00:40:09] [Server thread/WARN]: Azazel_Dev moved wrongly!
[00:40:10] [Server thread/WARN]: Azazel_Dev moved wrongly!
[00:40:11] [Server thread/WARN]: Azazel_Dev moved wrongly!
[00:40:12] [Server thread/WARN]: Azazel_Dev moved wrongly!
[00:40:13] [Server thread/WARN]: Azazel_Dev moved wrongly!
[00:40:14] [Server thread/WARN]: Azazel_Dev moved wrongly!
[00:40:15] [Server thread/WARN]: Azazel_Dev moved wrongly!
[00:40:16] [Server thread/WARN]: Azazel_Dev moved wrongly!
[00:40:17] [Server thread/WARN]: Azazel_Dev moved wrongly!
[00:40:18] [Server thread/WARN]: Azazel_Dev moved wrongly!
[00:40:19] [Server thread/WARN]: Azazel_Dev moved wrongly!
[00:40:20] [Server thread/WARN]: Azazel_Dev moved wrongly!
[00:40:21] [Server thread/WARN]: Azazel_Dev moved wrongly!
[00:40:22] [Server thread/WARN]: Azazel_Dev moved wrongly!
[00:40:23] [Server thread/WARN]: Azazel_Dev moved wrongly!
[00:40:24] [Server thread/WARN]: Azazel_Dev moved wrongly!
[00:40:25] [Server thread/WARN]: Azazel_Dev moved wrongly!
[00:40:26] [Server thread/WARN]: Azazel_Dev moved wrongly!
[00:40:27] [Server thread/WARN]: Azazel_Dev moved wrongly!
[00:40:28] [Server thread/WARN]: Azazel_Dev moved wrongly!
[00:40:29] [Server thread/WARN]: Azazel_Dev moved wrongly!
[00:40:30] [Server thread/WARN]: Azazel_Dev moved wrongly!
[00:40:31] [Server thread/WARN]: Azazel_Dev moved wrongly!
[00:40:32] [Server thread/WARN]: Azazel_Dev moved wrongly!
[00:40:33] [Server thread/WARN]: Azazel_Dev moved wrongly!
[00:40:34] [Server thread/WARN]: Azazel_Dev moved wrongly!
[00:40:35] [Server thread/WARN]: Azazel_Dev moved wrongly!
[00:40:36] [Server thread/WARN]: Azazel_Dev moved wrongly!
[00:40:37] [Server thread/WARN]: Azazel_Dev moved wrongly!
[00:40:38] [Server thread/WARN]: Azazel_Dev moved wrongly!
[00:40:39] [Server thread/WARN]: Azazel_Dev moved wrongly!
[00:40:40] [Server thread/WARN]: Azazel_Dev moved wrongly!
[00:40:41] [Server thread/WARN]: Azazel_Dev moved wrongly!
[00:40:42] [Server thread/WARN]: Azazel_Dev moved wrongly!
[00:40:43] [Server thread/WARN]: Azazel_Dev moved wrongly!
[00:40:44] [Server thread/WARN]: Azazel_Dev moved wrongly!
[00:40:45] [Server thread/WARN]: Azazel_Dev moved wrongly!
[00:40:46] [Server thread/WARN]: Azazel_Dev moved wrongly!
[00:40:47] [Server thread/WARN]: Azazel_Dev moved wrongly!
[00:40:48] [Server thread/WARN]: Azazel_Dev moved wrongly!
[00:40:49] [Server thread/WARN]: Azazel_Dev moved wrongly!
[00:40:50] [Server thread/WARN]: Azazel_Dev moved wrongly!
[00:40:51] [Server thread/WARN]: Azazel_Dev moved wrongly!
[00:40:52] [Server thread/WARN]: Azazel_Dev moved wrongly!
[00:40:53] [Server thread/WARN]: Azazel_Dev moved wrongly!
[00:40:54] [Server thread/WARN]: Azazel_Dev moved wrongly!
[00:40:55] [Server thread/WARN]: Azazel_Dev moved wrongly!
[00:40:56] [Server thread/WARN]: Azazel_Dev moved wrongly!
[00:40:57] [Server thread/WARN]: Azazel_Dev moved wrongly!
[00:40:58] [Server thread/WARN]: Azazel_Dev moved wrongly!
[00:40:59] [Server thread/WARN]: Azazel_Dev moved wrongly!
[00:41:00] [Server thread/WARN]: Azazel_Dev moved wrongly!
[00:41:01] [Server thread/WARN]: Azazel_Dev moved wrongly!
[00:41:02] [Server thread/WARN]: Azazel_Dev moved wrongly!
[00:41:03] [Server thread/WARN]: Azazel_Dev moved wrongly!
[00:41:04] [Server thread/WARN]: Azazel_Dev moved wrongly!
[00:41:05] [Server thread/WARN]: Azazel_Dev moved wrongly!
[00:41:06] [Server thread/WARN]: Azazel_Dev moved wrongly!
[00:41:07] [Server thread/WARN]: Azazel_Dev moved wrongly!
[00:41:08] [Server thread/WARN]: Azazel_Dev moved wrongly!
[00:41:09] [Server thread/WARN]: Azazel_Dev moved wrongly!
[00:41:10] [Server thread/WARN]: Azazel_Dev moved wrongly!
[00:41:11] [Server thread/WARN]: Azazel_Dev moved wrongly!
[00:41:12] [Server thread/WARN]: Azazel_Dev moved wrongly!
[00:41:13] [Server thread/WARN]: Azazel_Dev moved wrongly!
[00:41:14] [Server thread/WARN]: Azazel_Dev moved wrongly!
[00:41:15] [Server thread/WARN]: Azazel_Dev moved wrongly!
[00:41:16] [Server thread/WARN]: Azazel_Dev moved wrongly!
[00:41:17] [Server thread/WARN]: Azazel_Dev moved wrongly!
[00:41:18] [Server thread/WARN]: Azazel_Dev moved wrongly!
[00:41:19] [Server thread/WARN]: Azazel_Dev moved wrongly!
[00:41:20] [Server thread/WARN]: Azazel_Dev moved wrongly!
[00:41:21] [Server thread/WARN]: Azazel_Dev moved wrongly!
[00:41:22] [Server thread/WARN]: Azazel_Dev moved wrongly!
[00:41:23] [Server thread/WARN]: Azazel_Dev moved wrongly!
[00:41:24] [Server thread/WARN]: Azazel_Dev moved wrongly!
[00:41:25] [Server thread/WARN]: Azazel_Dev moved wrongly!
[00:41:26] [Server thread/WARN]: Azazel_Dev moved wrongly!
[00:41:27] [Server thread/WARN]: Azazel_Dev moved wrongly!
[00:41:28] [Server thread/WARN]: Azazel_Dev moved wrongly!
[00:41:29] [Server thread/WARN]: Azazel_Dev moved wrongly!
[00:41:30] [Server thread/WARN]: Azazel_Dev moved wrongly!
[00:41:31] [Server thread/WARN]: Azazel_Dev moved wrongly!
[00:41:32] [Server thread/WARN]: Azazel_Dev moved wrongly!
[00:41:33] [Server thread/WARN]: Azazel_Dev moved wrongly!
[00:41:34] [Server thread/WARN]: Azazel_Dev moved wrongly!
[00:41:35] [Server thread/WARN]: Azazel_Dev moved wrongly!
[00:41:36] [Server thread/WARN]: Azazel_Dev moved wrongly!
[00:41:37] [Server thread/WARN]: Azazel_Dev moved wrongly!
[00:41:38] [Server thread/WARN]: Azazel_Dev moved wrongly!
[00:41:39] [Server thread/WARN]: Azazel_Dev moved wrongly!
[00:41:40] [Server thread/WARN]: Azazel_Dev moved wrongly!
[00:41:41] [Server thread/WARN]: Azazel_Dev moved wrongly!
[00:41:42] [Server thread/WARN]: Azazel_Dev moved wrongly!
[00:41:43] [Server thread/WARN]: Azazel_Dev moved wrongly!
[00:41:44] [Server thread/WARN]: Azazel_Dev moved wrongly!
[00:41:45] [Server thread/WARN]: Azazel_Dev moved wrongly!
[00:41:46] [Server thread/WARN]: Azazel_Dev moved wrongly!
[00:41:47] [Server thread/WARN]: Azazel_Dev moved wrongly!
[00:41:48] [Server thread/WARN]: Azazel_Dev moved wrongly!
[00:41:49] [Server thread/WARN]: Azazel_Dev moved wrongly!
[00:41:50] [Server thread/WARN]: Azazel_Dev moved wrongly!
[00:41:51] [Server thread/WARN]: Azazel_Dev moved wrongly!
[00:41:52] [Server thread/WARN]: Azazel_Dev moved wrongly!
[00:41:53] [Server thread/WARN]: Azazel_Dev moved wrongly!
[00:41:54] [Server thread/WARN]: Azazel_Dev moved wrongly!
[00:41:55] [Server thread/WARN]: Azazel_Dev moved wrongly!
[00:41:56] [Server thread/WARN]: Azazel_Dev moved wrongly!
[00:41:57] [Server thread/WARN]: Azazel_Dev moved wrongly!
[00:41:58] [Server thread/WARN]: Azazel_Dev moved wrongly!
[00:41:59] [Server thread/WARN]: Azazel_Dev moved wrongly!
[00:42:00] [Server thread/WARN]: Azazel_Dev moved wrongly!
[00:42:01] [Server thread/WARN]: Azazel_Dev moved wrongly!
[00:42:02] [Server thread/WARN]: Azazel_Dev moved wrongly!
[00:42:03] [Server thread/WARN]: Azazel_Dev moved wrongly!
[00:42:04] [Server thread/WARN]: Azazel_Dev moved wrongly!
[00:42:05] [Server thread/WARN]: Azazel_Dev moved wrongly!
[00:42:06] [Server thread/WARN]: Azazel_Dev moved wrongly!
[00:42:07] [Server thread/WARN]: Azazel_Dev moved wrongly!
[00:42:08] [Server thread/WARN]: Azazel_Dev moved wrongly!
[00:42:09] [Server thread/WARN]: Azazel_Dev moved wrongly!
[00:42:10] [Server thread/WARN]: Azazel_Dev moved wrongly!
[00:42:11] [Server thread/WARN]: Azazel_Dev moved wrongly!
[00:42:12] [Server thread/WARN]: Azazel_Dev moved wrongly!
[00:42:13] [Server thread/WARN]: Azazel_Dev moved wrongly!
[00:42:14] [Server thread/WARN]: Azazel_Dev moved wrongly!
[00:42:15] [Server thread/WARN]: Azazel_Dev moved wrongly!
[00:42:16] [Server thread/WARN]: Azazel_Dev moved wrongly!
[00:42:17] [Server thread/WARN]: Azazel_Dev moved wrongly!
[00:42:18] [Server thread/WARN]: Azazel_Dev moved wrongly!
[00:42:19] [Server thread/WARN]: Azazel_Dev moved wrongly!
[00:42:20] [Server thread/WARN]: Azazel_Dev moved wrongly!
[00:42:21] [Server thread/WARN]: Azazel_Dev moved wrongly!
[00:42:22] [Server thread/WARN]: Azazel_Dev moved wrongly!
[00:42:23] [Server thread/WARN]: Azazel_Dev moved wrongly!
[00:42:24] [Server thread/WARN]: Azazel_Dev moved wrongly!
[00:42:25] [Server thread/WARN]: Azazel_Dev moved wrongly!
[00:42:26] [Server thread/WARN]: Azazel_Dev moved wrongly!
[00:42:27] [Server thread/WARN]: Azazel_Dev moved wrongly!
[00:42:28] [Server thread/WARN]: Azazel_Dev moved wrongly!
[00:42:29] [Server thread/WARN]: Azazel_Dev moved wrongly!
[00:42:30] [Server thread/WARN]: Azazel_Dev moved wrongly!
[00:42:31] [Server thread/WARN]: Azazel_Dev moved wrongly!
[00:42:32] [Server thread/WARN]: Azazel_Dev moved wrongly!
[00:42:33] [Server thread/WARN]: Azazel_Dev moved wrongly!
[00:42:34] [Server thread/WARN]: Azazel_Dev moved wrongly!
[00:42:35] [Server thread/WARN]: Azazel_Dev moved wrongly!
[00:42:36] [Server thread/WARN]: Azazel_Dev moved wrongly!
[00:42:37] [Server thread/WARN]: Azazel_Dev moved wrongly!
[00:42:38] [Server thread/WARN]: Azazel_Dev moved wrongly!
[00:42:39] [Server thread/WARN]: Azazel_Dev moved wrongly!
[00:42:40] [Server thread/WARN]: Azazel_Dev moved wrongly!
[00:42:41] [Server thread/WARN]: Azazel_Dev moved wrongly!
[00:42:42] [Server thread/WARN]: Azazel_Dev moved wrongly!
[00:42:43] [Server thread/WARN]: Azazel_Dev moved wrongly!
[00:42:44] [Server thread/WARN]: Azazel_Dev moved wrongly!
[00:42:45] [Server thread/WARN]: Azazel_Dev moved wrongly!
[00:42:46] [Server thread/WARN]: Azazel_Dev moved wrongly!
[00:42:47] [Server thread/WARN]: Azazel_Dev moved wrongly!
[00:42:48] [Server thread/WARN]: Azazel_Dev moved wrongly!
[00:42:49] [Server thread/WARN]: Azazel_Dev moved wrongly!
[00:42:50] [Server thread/WARN]: Azazel_Dev moved wrongly!
[00:42:51] [Server thread/WARN]: Azazel_Dev moved wrongly!
[00:42:52] [Server thread/WARN]: Azazel_Dev moved wrongly!
[00:42:53] [Server thread/WARN]: Azazel_Dev moved wrongly!
[00:42:54] [Server thread/WARN]: Azazel_Dev moved wrongly!
[00:42:55] [Server thread/WARN]: Azazel_Dev moved wrongly!
[00:42:56] [Server thread/WARN]: Azazel_Dev moved wrongly!
[00:42:57] [Server thread/WARN]: Azazel_Dev moved wrongly!
[00:42:58] [Server thread/WARN]: Azazel_Dev moved wrongly!
[00:42:59] [Server thread/WARN]: Azazel_Dev moved wrongly!
[00:43:00] [Server thread/WARN]: Azazel_Dev moved wrongly!
[00:43:01] [Server thread/WARN]: Azazel_Dev moved wrongly!
[00:43:02] [Server thread/WARN]: Azazel_Dev moved wrongly!
[00:43:03] [Server thread/WARN]: Azazel_Dev moved wrongly!
[00:43:04] [Server thread/WARN]: Azazel_Dev moved wrongly!
[00:43:05] [Server thread/WARN]: Azazel_Dev moved wrongly!
[00:43:06] [Server thread/WARN]: Azazel_Dev moved wrongly!
[00:43:07] [Server thread/WARN]: Azazel_Dev moved wrongly!
[00:43:08] [Server thread/WARN]: Azazel_Dev moved wrongly!
[00:43:09] [Server thread/WARN]: Azazel_Dev moved wrongly!
[00:43:10] [Server thread/WARN]: Azazel_Dev moved wrongly!
[00:43:11] [Server thread/WARN]: Azazel_Dev moved wrongly!
[00:43:12] [Server thread/WARN]: Azazel_Dev moved wrongly!
[00:43:13] [Server thread/WARN]: Azazel_Dev moved wrongly!
[00:43:14] [Server thread/WARN]: Azazel_Dev moved wrongly!
[00:43:15] [Server thread/WARN]: Azazel_Dev moved wrongly!
[00:43:16] [Server thread/WARN]: Azazel_Dev moved wrongly!
[00:43:17] [Server thread/WARN]: Azazel_Dev moved wrongly!
[00:43:18] [Server thread/WARN]: Azazel_Dev moved wrongly!
[00:43:19] [Server thread/WARN]: Azazel_Dev moved wrongly!
[00:43:20] [Server thread/WARN]: Azazel_Dev moved wrongly!
[00:43:21] [Server thread/WARN]: Azazel_Dev moved wrongly!
[00:43:22] [Server thread/WARN]: Azazel_Dev moved wrongly!
[00:43:23] [Server thread/WARN]: Azazel_Dev moved wrongly!
[00:43:24] [Server thread/WARN]: Azazel_Dev moved wrongly!
[00:43:25] [Server thread/WARN]: Azazel_Dev moved wrongly!
[00:43:26] [Server thread/WARN]: Azazel_Dev moved wrongly!
[00:43:27] [Server thread/WARN]: Azazel_Dev moved wrongly!
[00:43:28] [Server thread/WARN]: Azazel_Dev moved wrongly!
[00:43:29] [Server thread/WARN]: Azazel_Dev moved wrongly!
[00:43:30] [Server thread/WARN]: Azazel_Dev moved wrongly!
[00:43:31] [Server thread/WARN]: Azazel_Dev moved wrongly!
[00:43:32] [Server thread/WARN]: Azazel_Dev moved wrongly!
[00:43:33] [Server thread/WARN]: Azazel_Dev moved wrongly!
[00:43:34] [Server thread/WARN]: Azazel_Dev moved wrongly!
[00:43:35] [Server thread/WARN]: Azazel_Dev moved wrongly!
[00:43:36] [Server thread/WARN]: Azazel_Dev moved wrongly!
[00:43:37] [Server thread/WARN]: Azazel_Dev moved wrongly!
[00:43:38] [Server thread/WARN]: Azazel_Dev moved wrongly!
[00:43:39] [Server thread/WARN]: Azazel_Dev moved wrongly!
[00:43:40] [Server thread/WARN]: Azazel_Dev moved wrongly!
[00:43:41] [Server thread/WARN]: Azazel_Dev moved wrongly!
[00:43:42] [Server thread/WARN]: Azazel_Dev moved wrongly!
[00:43:43] [Server thread/WARN]: Azazel_Dev moved wrongly!
[00:43:44] [Server thread/WARN]: Azazel_Dev moved wrongly!
[00:43:45] [Server thread/WARN]: Azazel_Dev moved wrongly!
[00:43:46] [Server thread/WARN]: Azazel_Dev moved wrongly!
[00:43:47] [Server thread/WARN]: Azazel_Dev moved wrongly!
[00:43:48] [Server thread/WARN]: Azazel_Dev moved wrongly!
[00:43:49] [Server thread/WARN]: Azazel_Dev moved wrongly!
[00:43:50] [Server thread/WARN]: Azazel_Dev moved wrongly!
[00:43:51] [Server thread/WARN]: Azazel_Dev moved wrongly!
[00:43:52] [Server thread/WARN]: Azazel_Dev moved wrongly!
[00:43:53] [Server thread/WARN]: Azazel_Dev moved wrongly!
[00:43:54] [Server thread/WARN]: Azazel_Dev moved wrongly!
[00:43:55] [Server thread/WARN]: Azazel_Dev moved wrongly!
[00:43:56] [Server thread/WARN]: Azazel_Dev moved wrongly!
[00:43:57] [Server thread/WARN]: Azazel_Dev moved wrongly!
[00:43:58] [Server thread/WARN]: Azazel_Dev moved wrongly!
[00:43:59] [Server thread/WARN]: Azazel_Dev moved wrongly!
[00:44:00] [Server thread/WARN]: Azazel_Dev moved wrongly!
[00:44:01] [Server thread/WARN]: Azazel_Dev moved wrongly!
[00:44:02] [Server thread/WARN]: Azazel_Dev moved wrongly!
[00:44:03] [Server thread/WARN]: Azazel_Dev moved wrongly!
[00:44:04] [Server thread/WARN]: Azazel_Dev moved wrongly!
[00:44:05] [Server thread/WARN]: Azazel_Dev moved wrongly!
[00:44:06] [Server thread/WARN]: Azazel_Dev moved wrongly!
[00:44:07] [Server thread/WARN]: Azazel_Dev moved wrongly!
[00:44:08] [Server thread/WARN]: Azazel_Dev moved wrongly!
[00:44:09] [Server thread/WARN]: Azazel_Dev moved wrongly!
[00:44:10] [Server thread/WARN]: Azazel_Dev moved wrongly!
[00:44:11] [Server thread/WARN]: Azazel_Dev moved wrongly!
[00:44:12] [Server thread/WARN]: Azazel_Dev moved wrongly!
[00:44:13] [Server thread/WARN]: Azazel_Dev moved wrongly!
[00:44:14] [Server thread/WARN]: Azazel_Dev moved wrongly!
[00:44:15] [Server thread/WARN]: Azazel_Dev moved wrongly!
[00:44:16] [Server thread/WARN]: Azazel_Dev moved wrongly!
[00:44:17] [Server thread/WARN]: Azazel_Dev moved wrongly!
[00:44:18] [Server thread/WARN]: Azazel_Dev moved wrongly!
[00:44:19] [Server thread/WARN]: Azazel_Dev moved wrongly!
[00:44:20] [Server thread/WARN]: Azazel_Dev moved wrongly!
[00:44:21] [Server thread/WARN]: Azazel_Dev moved wrongly!
[00:44:22] [Server thread/WARN]: Azazel_Dev moved wrongly!
[00:44:23] [Server thread/WARN]: Azazel_Dev moved wrongly!
[00:44:24] [Server thread/WARN]: Azazel_Dev moved wrongly!
[00:44:25] [Server thread/WARN]: Azazel_Dev moved wrongly!
[00:44:26] [Server thread/WARN]: Azazel_Dev moved wrongly!
[00:44:27] [Server thread/WARN]: Azazel_Dev moved wrongly!
[00:44:28] [Server thread/WARN]: Azazel_Dev moved wrongly!
[00:44:29] [Server thread/WARN]: Azazel_Dev moved wrongly!
[00:44:30] [Server thread/WARN]: Azazel_Dev moved wrongly!
[00:44:31] [Server thread/WARN]: Azazel_Dev moved wrongly!
[00:44:32] [Server thread/WARN]: Azazel_Dev moved wrongly!
[00:44:33] [Server thread/WARN]: Azazel_Dev moved wrongly!
[00:44:34] [Server thread/WARN]: Azazel_Dev moved wrongly!
[00:44:35] [Server thread/WARN]: Azazel_Dev moved wrongly!
[00:44:36] [Server thread/WARN]: Azazel_Dev moved wrongly!
[00:44:37] [Server thread/WARN]: Azazel_Dev moved wrongly!
[00:44:38] [Server thread/WARN]: Azazel_Dev moved wrongly!
[00:44:39] [Server thread/WARN]: Azazel_Dev moved wrongly!
[00:44:40] [Server thread/WARN]: Azazel_Dev moved wrongly!
[00:44:41] [Server thread/WARN]: Azazel_Dev moved wrongly!
[00:44:42] [Server thread/WARN]: Azazel_Dev moved wrongly!
[00:44:43] [Server thread/WARN]: Azazel_Dev moved wrongly!
[00:44:44] [Server thread/WARN]: Azazel_Dev moved wrongly!
[00:44:45] [Server thread/WARN]: Azazel_Dev moved wrongly!
[00:44:46] [Server thread/WARN]: Azazel_Dev moved wrongly!
[00:44:47] [Server thread/WARN]: Azazel_Dev moved wrongly!
[00:44:48] [Server thread/WARN]: Azazel_Dev moved wrongly!
[00:44:49] [Server thread/WARN]: Azazel_Dev moved wrongly!
[00:44:50] [Server thread/WARN]: Azazel_Dev moved wrongly!
[00:44:51] [Server thread/WARN]: Azazel_Dev moved wrongly!
[00:44:52] [Server thread/WARN]: Azazel_Dev moved wrongly!
[00:44:53] [Server thread/WARN]: Azazel_Dev moved wrongly!
[00:44:54] [Server thread/WARN]: Azazel_Dev moved wrongly!
[00:44:55] [Server thread/WARN]: Azazel_Dev moved wrongly!
[00:44:56] [Server thread/WARN]: Azazel_Dev moved wrongly!
[00:44:57] [Server thread/WARN]: Azazel_Dev moved wrongly!
[00:44:58] [Server thread/WARN]: Azazel_Dev moved wrongly!
[00:44:59] [Server thread/WARN]: Azazel_Dev moved wrongly!
[00:45:00] [Server thread/WARN]: Azazel_Dev moved wrongly!
[00:45:01] [Server thread/WARN]: Azazel_Dev moved wrongly!
[00:45:02] [Server thread/WARN]: Azazel_Dev moved wrongly!
[00:45:03] [Server thread/WARN]: Azazel_Dev moved wrongly!
[00:45:04] [Server thread/WARN]: Azazel_Dev moved wrongly!
[00:45:05] [Server thread/WARN]: Azazel_Dev moved wrongly!
[00:45:06] [Server thread/WARN]: Azazel_Dev moved wrongly!
[00:45:07] [Server thread/WARN]: Azazel_Dev moved wrongly!
[00:45:08] [Server thread/WARN]: Azazel_Dev moved wrongly!
[00:45:09] [Server thread/WARN]: Azazel_Dev moved wrongly!
[00:45:10] [Server thread/WARN]: Azazel_Dev moved wrongly!
[00:45:11] [Server thread/WARN]: Azazel_Dev moved wrongly!
[00:45:12] [Server thread/WARN]: Azazel_Dev moved wrongly!
[00:45:13] [Server thread/WARN]: Azazel_Dev moved wrongly!
[00:45:14] [Server thread/WARN]: Azazel_Dev moved wrongly!
[00:45:15] [Server thread/WARN]: Azazel_Dev moved wrongly!
[00:45:16] [Server thread/WARN]: Azazel_Dev moved wrongly!
[00:45:17] [Server thread/WARN]: Azazel_Dev moved wrongly!
[00:45:18] [Server thread/WARN]: Azazel_Dev moved wrongly!
[00:45:19] [Server thread/WARN]: Azazel_Dev moved wrongly!
[00:45:20] [Server thread/WARN]: Azazel_Dev moved wrongly!
[00:45:21] [Server thread/WARN]: Azazel_Dev moved wrongly!
[00:45:22] [Server thread/WARN]: Azazel_Dev moved wrongly!
[00:45:23] [Server thread/WARN]: Azazel_Dev moved wrongly!
[00:45:24] [Server thread/WARN]: Azazel_Dev moved wrongly!
[00:45:25] [Server thread/WARN]: Azazel_Dev moved wrongly!
[00:45:26] [Server thread/WARN]: Azazel_Dev moved wrongly!
[00:45:27] [Server thread/WARN]: Azazel_Dev moved wrongly!
[00:45:28] [Server thread/WARN]: Azazel_Dev moved wrongly!
[00:45:29] [Server thread/WARN]: Azazel_Dev moved wrongly!
[00:45:30] [Server thread/WARN]: Azazel_Dev moved wrongly!
[00:45:31] [Server thread/WARN]: Azazel_Dev moved wrongly!
[00:45:32] [Server thread/WARN]: Azazel_Dev moved wrongly!
[00:45:33] [Server thread/WARN]: Azazel_Dev moved wrongly!
[00:45:34] [Server thread/WARN]: Azazel_Dev moved wrongly!
[00:45:35] [Server thread/WARN]: Azazel_Dev moved wrongly!
[00:45:36] [Server thread/WARN]: Azazel_Dev moved wrongly!
[00:45:37] [Server thread/WARN]: Azazel_Dev moved wrongly!
[00:45:38] [Server thread/WARN]: Azazel_Dev moved wrongly!
[00:45:39] [Server thread/WARN]: Azazel_Dev moved wrongly!
[00:45:40] [Server thread/WARN]: Azazel_Dev moved wrongly!
[00:45:41] [Server thread/WARN]: Azazel_Dev moved wrongly!
[00:45:42] [Server thread/WARN]: Azazel_Dev moved wrongly!
[00:45:43] [Server thread/WARN]: Azazel_Dev moved wrongly!
[00:45:44] [Server thread/WARN]: Azazel_Dev moved wrongly!
[00:45:45] [Server thread/WARN]: Azazel_Dev moved wrongly!
[00:45:46] [Server thread/WARN]: Azazel_Dev moved wrongly!
[00:45:47] [Server thread/WARN]: Azazel_Dev moved wrongly!
[00:45:48] [Server thread/WARN]: Azazel_Dev moved wrongly!
[00:45:49] [Server thread/WARN]: Azazel_Dev moved wrongly!
[00:45:50] [Server thread/WARN]: Azazel_Dev moved wrongly!
[00:45:51] [Server thread/WARN]: Azazel_Dev moved wrongly!
[00:45:52] [Server thread/WARN]: Azazel_Dev moved wrongly!
[00:45:53] [Server thread/WARN]: Azazel_Dev moved wrongly!
[00:45:54] [Server thread/WARN]: Azazel_Dev moved wrongly!
[00:45:55] [Server thread/WARN]: Azazel_Dev moved wrongly!
[00:45:56] [Server thread/WARN]: Azazel_Dev moved wrongly!
[00:45:57] [Server thread/WARN]: Azazel_Dev moved wrongly!
[00:45:58] [Server thread/WARN]: Azazel_Dev moved wrongly!
[00:45:59] [Server thread/WARN]: Azazel_Dev moved wrongly!
[00:46:00] [Server thread/WARN]: Azazel_Dev moved wrongly!
[00:46:01] [Server thread/WARN]: Azazel_Dev moved wrongly!
[00:46:02] [Server thread/WARN]: Azazel_Dev moved wrongly!
[00:46:03] [Server thread/WARN]: Azazel_Dev moved wrongly!
[00:46:04] [Server thread/WARN]: Azazel_Dev moved wrongly!
[00:46:05] [Server thread/WARN]: Azazel_Dev moved wrongly!
[00:46:06] [Server thread/WARN]: Azazel_Dev moved wrongly!
[00:46:07] [Server thread/WARN]: Azazel_Dev moved wrongly!
[00:46:08] [Server thread/WARN]: Azazel_Dev moved wrongly!
[00:47:29] [Server thread/INFO]: Azazel_Dev lost connection: Disconnected
[00:47:29] [Server thread/INFO]: [voicechat] Disconnecting client Azazel_Dev
[00:47:29] [Server thread/INFO]: Azazel_Dev left the game
[00:47:41] [Server thread/INFO]: ISKpolar lost connection: Disconnected
[00:47:41] [Server thread/INFO]: [voicechat] Disconnecting client ISKpolar
[00:47:41] [Server thread/INFO]: ISKpolar left the game
[00:48:29] [Server thread/INFO]: TPS from last 1m, 5m, 15m: 20.0, 20.0, 20.0
[00:48:38] [Server thread/INFO]: Tom lost connection: Disconnected
[00:48:38] [Server thread/INFO]: [voicechat] Disconnecting client Tom
[00:48:38] [Server thread/INFO]: Tom left the game
[00:48:41] [Server thread/INFO]: Stopping the server
[00:48:41] [Server thread/INFO]: Stopping server
[00:48:41] [Server thread/INFO]: [SkinsRestorer] Disabling SkinsRestorer v15.6.1
[00:48:41] [Server thread/INFO]: [voicechat] Disabling voicechat v2.5.27
[00:48:41] [Server thread/INFO]: Saving players
[00:48:41] [Server thread/INFO]: Saving worlds
[00:48:41] [Server thread/INFO]: Saving chunks for level 'ServerLevel[world]'/minecraft:overworld
[00:48:41] [Server thread/INFO]: [ChunkHolderManager] Waiting 60s for chunk system to halt for world 'world'
[00:48:41] [Server thread/INFO]: [ChunkHolderManager] Halted chunk system for world 'world'
[00:48:41] [Server thread/INFO]: [ChunkHolderManager] Saving all chunkholders for world 'world'
[00:48:42] [Server thread/INFO]: [ChunkHolderManager] Saved 27 block chunks, 171 entity chunks, 0 poi chunks in world 'world' in 0.14s
[00:48:42] [Server thread/INFO]: [ChunkHolderManager] Waiting 60s for chunk I/O to halt for world 'world'
[00:48:42] [Server thread/INFO]: [ChunkHolderManager] Halted I/O scheduler for world 'world'
[00:48:42] [Server thread/INFO]: Saving chunks for level 'ServerLevel[world_nether]'/minecraft:the_nether
[00:48:42] [Server thread/INFO]: [ChunkHolderManager] Waiting 60s for chunk system to halt for world 'world_nether'
[00:48:42] [Server thread/INFO]: [ChunkHolderManager] Halted chunk system for world 'world_nether'
[00:48:42] [Server thread/INFO]: [ChunkHolderManager] Saving all chunkholders for world 'world_nether'
[00:48:42] [Server thread/INFO]: [ChunkHolderManager] Saved 0 block chunks, 7 entity chunks, 0 poi chunks in world 'world_nether' in 0.02s
[00:48:42] [Server thread/INFO]: [ChunkHolderManager] Waiting 60s for chunk I/O to halt for world 'world_nether'
[00:48:42] [Server thread/INFO]: [ChunkHolderManager] Halted I/O scheduler for world 'world_nether'
[00:48:42] [Server thread/INFO]: Saving chunks for level 'ServerLevel[world_the_end]'/minecraft:the_end
[00:48:42] [Server thread/INFO]: [ChunkHolderManager] Waiting 60s for chunk system to halt for world 'world_the_end'
[00:48:42] [Server thread/INFO]: [ChunkHolderManager] Halted chunk system for world 'world_the_end'
[00:48:42] [Server thread/INFO]: [ChunkHolderManager] Saving all chunkholders for world 'world_the_end'
[00:48:42] [Server thread/INFO]: [ChunkHolderManager] Saved 41 block chunks, 94 entity chunks, 0 poi chunks in world 'world_the_end' in 0.02s
[00:48:42] [Server thread/INFO]: [ChunkHolderManager] Waiting 60s for chunk I/O to halt for world 'world_the_end'
[00:48:42] [Server thread/INFO]: [ChunkHolderManager] Halted I/O scheduler for world 'world_the_end'
[00:48:42] [Server thread/INFO]: ThreadedAnvilChunkStorage (world): All chunks are saved
[00:48:42] [Server thread/INFO]: ThreadedAnvilChunkStorage (DIM-1): All chunks are saved
[00:48:42] [Server thread/INFO]: ThreadedAnvilChunkStorage (DIM1): All chunks are saved
[00:48:42] [Server thread/INFO]: ThreadedAnvilChunkStorage: All dimensions are saved
[00:48:42] [Server thread/INFO]: Waiting for I/O tasks to complete...
[00:48:42] [Server thread/INFO]: All I/O tasks to complete
[00:48:42] [Server thread/INFO]: [MoonriseCommon] Awaiting termination of worker pool for up to 60s...
[00:48:42] [Server thread/INFO]: [MoonriseCommon] Awaiting termination of I/O pool for up to 60s...
